Performing C SOURCE FILE Test CMAKE_HAVE_LIBC_PTHREAD failed with the following output:
<<<<<<< HEAD
Change Dir: /home/user/Feup2021/Programação/Praticas/project/Pixel/build/CMakeFiles/CMakeTmp

Run Build Command(s):/usr/bin/make cmTC_3e85e/fast && /usr/bin/make -f CMakeFiles/cmTC_3e85e.dir/build.make CMakeFiles/cmTC_3e85e.dir/build
make[1]: Entering directory '/home/user/Feup2021/Programação/Praticas/project/Pixel/build/CMakeFiles/CMakeTmp'
Building C object CMakeFiles/cmTC_3e85e.dir/src.c.o
/usr/bin/cc   -DCMAKE_HAVE_LIBC_PTHREAD   -o CMakeFiles/cmTC_3e85e.dir/src.c.o   -c /home/user/Feup2021/Programação/Praticas/project/Pixel/build/CMakeFiles/CMakeTmp/src.c
Linking C executable cmTC_3e85e
/usr/bin/cmake -E cmake_link_script CMakeFiles/cmTC_3e85e.dir/link.txt --verbose=1
/usr/bin/cc  -DCMAKE_HAVE_LIBC_PTHREAD    CMakeFiles/cmTC_3e85e.dir/src.c.o  -o cmTC_3e85e 
/usr/bin/ld: CMakeFiles/cmTC_3e85e.dir/src.c.o: in function `main':
=======
Change Dir: /home/username/2aulas/Prog/Projeto_1/progp1/build/CMakeFiles/CMakeTmp

Run Build Command(s):/usr/bin/make cmTC_c042d/fast && /usr/bin/make -f CMakeFiles/cmTC_c042d.dir/build.make CMakeFiles/cmTC_c042d.dir/build
make[1]: Entering directory '/home/username/2aulas/Prog/Projeto_1/progp1/build/CMakeFiles/CMakeTmp'
Building C object CMakeFiles/cmTC_c042d.dir/src.c.o
/usr/bin/cc   -DCMAKE_HAVE_LIBC_PTHREAD   -o CMakeFiles/cmTC_c042d.dir/src.c.o   -c /home/username/2aulas/Prog/Projeto_1/progp1/build/CMakeFiles/CMakeTmp/src.c
Linking C executable cmTC_c042d
/usr/bin/cmake -E cmake_link_script CMakeFiles/cmTC_c042d.dir/link.txt --verbose=1
/usr/bin/cc  -DCMAKE_HAVE_LIBC_PTHREAD    CMakeFiles/cmTC_c042d.dir/src.c.o  -o cmTC_c042d 
/usr/bin/ld: CMakeFiles/cmTC_c042d.dir/src.c.o: in function `main':
>>>>>>> 0fc86db0bfef5e44f1b4a138412bae0a34636314
src.c:(.text+0x46): undefined reference to `pthread_create'
/usr/bin/ld: src.c:(.text+0x52): undefined reference to `pthread_detach'
/usr/bin/ld: src.c:(.text+0x63): undefined reference to `pthread_join'
collect2: error: ld returned 1 exit status
<<<<<<< HEAD
make[1]: *** [CMakeFiles/cmTC_3e85e.dir/build.make:87: cmTC_3e85e] Error 1
make[1]: Leaving directory '/home/user/Feup2021/Programação/Praticas/project/Pixel/build/CMakeFiles/CMakeTmp'
make: *** [Makefile:121: cmTC_3e85e/fast] Error 2
=======
make[1]: *** [CMakeFiles/cmTC_c042d.dir/build.make:87: cmTC_c042d] Error 1
make[1]: Leaving directory '/home/username/2aulas/Prog/Projeto_1/progp1/build/CMakeFiles/CMakeTmp'
make: *** [Makefile:121: cmTC_c042d/fast] Error 2
>>>>>>> 0fc86db0bfef5e44f1b4a138412bae0a34636314


Source file was:
#include <pthread.h>

void* test_func(void* data)
{
  return data;
}

int main(void)
{
  pthread_t thread;
  pthread_create(&thread, NULL, test_func, NULL);
  pthread_detach(thread);
  pthread_join(thread, NULL);
  pthread_atfork(NULL, NULL, NULL);
  pthread_exit(NULL);

  return 0;
}

Determining if the function pthread_create exists in the pthreads failed with the following output:
<<<<<<< HEAD
Change Dir: /home/user/Feup2021/Programação/Praticas/project/Pixel/build/CMakeFiles/CMakeTmp

Run Build Command(s):/usr/bin/make cmTC_67fc8/fast && /usr/bin/make -f CMakeFiles/cmTC_67fc8.dir/build.make CMakeFiles/cmTC_67fc8.dir/build
make[1]: Entering directory '/home/user/Feup2021/Programação/Praticas/project/Pixel/build/CMakeFiles/CMakeTmp'
Building C object CMakeFiles/cmTC_67fc8.dir/CheckFunctionExists.c.o
/usr/bin/cc   -DCHECK_FUNCTION_EXISTS=pthread_create   -o CMakeFiles/cmTC_67fc8.dir/CheckFunctionExists.c.o   -c /usr/share/cmake-3.16/Modules/CheckFunctionExists.c
Linking C executable cmTC_67fc8
/usr/bin/cmake -E cmake_link_script CMakeFiles/cmTC_67fc8.dir/link.txt --verbose=1
/usr/bin/cc  -DCHECK_FUNCTION_EXISTS=pthread_create    CMakeFiles/cmTC_67fc8.dir/CheckFunctionExists.c.o  -o cmTC_67fc8  -lpthreads 
/usr/bin/ld: cannot find -lpthreads
collect2: error: ld returned 1 exit status
make[1]: *** [CMakeFiles/cmTC_67fc8.dir/build.make:87: cmTC_67fc8] Error 1
make[1]: Leaving directory '/home/user/Feup2021/Programação/Praticas/project/Pixel/build/CMakeFiles/CMakeTmp'
make: *** [Makefile:121: cmTC_67fc8/fast] Error 2
=======
Change Dir: /home/username/2aulas/Prog/Projeto_1/progp1/build/CMakeFiles/CMakeTmp

Run Build Command(s):/usr/bin/make cmTC_2f385/fast && /usr/bin/make -f CMakeFiles/cmTC_2f385.dir/build.make CMakeFiles/cmTC_2f385.dir/build
make[1]: Entering directory '/home/username/2aulas/Prog/Projeto_1/progp1/build/CMakeFiles/CMakeTmp'
Building C object CMakeFiles/cmTC_2f385.dir/CheckFunctionExists.c.o
/usr/bin/cc   -DCHECK_FUNCTION_EXISTS=pthread_create   -o CMakeFiles/cmTC_2f385.dir/CheckFunctionExists.c.o   -c /usr/share/cmake-3.16/Modules/CheckFunctionExists.c
Linking C executable cmTC_2f385
/usr/bin/cmake -E cmake_link_script CMakeFiles/cmTC_2f385.dir/link.txt --verbose=1
/usr/bin/cc  -DCHECK_FUNCTION_EXISTS=pthread_create    CMakeFiles/cmTC_2f385.dir/CheckFunctionExists.c.o  -o cmTC_2f385  -lpthreads 
/usr/bin/ld: cannot find -lpthreads
collect2: error: ld returned 1 exit status
make[1]: *** [CMakeFiles/cmTC_2f385.dir/build.make:87: cmTC_2f385] Error 1
make[1]: Leaving directory '/home/username/2aulas/Prog/Projeto_1/progp1/build/CMakeFiles/CMakeTmp'
make: *** [Makefile:121: cmTC_2f385/fast] Error 2
>>>>>>> 0fc86db0bfef5e44f1b4a138412bae0a34636314



